<?xml version="1.0" encoding="UTF-8" ?>
<testsuite tests="25" failures="0" name="com.sarah.debatewebapp.dao.DebateDaoImplTest" time="12.422" errors="0" skipped="0">
  <properties>
    <property name="java.runtime.name" value="Java(TM) SE Runtime Environment"/>
    <property name="sun.boot.library.path" value="C:\Program Files\Java\jdk1.8.0_111\jre\bin"/>
    <property name="java.vm.version" value="25.111-b14"/>
    <property name="java.vm.vendor" value="Oracle Corporation"/>
    <property name="maven.multiModuleProjectDirectory" value="C:\Users\Sarah\Documents\_repos\debate-web-app"/>
    <property name="java.vendor.url" value="http://java.oracle.com/"/>
    <property name="path.separator" value=";"/>
    <property name="guice.disable.misplaced.annotation.check" value="true"/>
    <property name="java.vm.name" value="Java HotSpot(TM) 64-Bit Server VM"/>
    <property name="file.encoding.pkg" value="sun.io"/>
    <property name="user.script" value=""/>
    <property name="user.country" value="US"/>
    <property name="sun.java.launcher" value="SUN_STANDARD"/>
    <property name="sun.os.patch.level" value="Service Pack 1"/>
    <property name="java.vm.specification.name" value="Java Virtual Machine Specification"/>
    <property name="user.dir" value="C:\Users\Sarah\Documents\_repos\debate-web-app"/>
    <property name="java.runtime.version" value="1.8.0_111-b14"/>
    <property name="netbeans.deploy" value="true"/>
    <property name="java.awt.graphicsenv" value="sun.awt.Win32GraphicsEnvironment"/>
    <property name="java.endorsed.dirs" value="C:\Program Files\Java\jdk1.8.0_111\jre\lib\endorsed"/>
    <property name="os.arch" value="amd64"/>
    <property name="java.io.tmpdir" value="C:\Users\Sarah\AppData\Local\Temp\"/>
    <property name="line.separator" value="
"/>
    <property name="java.vm.specification.vendor" value="Oracle Corporation"/>
    <property name="user.variant" value=""/>
    <property name="os.name" value="Windows 7"/>
    <property name="maven.ext.class.path" value="C:\Program Files\NetBeans 8.2\java\maven-nblib\netbeans-eventspy.jar"/>
    <property name="classworlds.conf" value="C:\Program Files\Maven-3.3.9\bin\m2.conf"/>
    <property name="sun.jnu.encoding" value="Cp1252"/>
    <property name="java.library.path" value="C:\Program Files\Java\jdk1.8.0_111\bin;C:\Windows\Sun\Java\bin;C:\Windows\system32;C:\Windows;C:\ProgramData\Oracle\Java\javapath;C:\Program Files\Common Files\Microsoft Shared\Windows Live;C:\Program Files (x86)\Common Files\Microsoft Shared\Windows Live;C:\Windows\system32;C:\Windows;C:\Windows\System32\Wbem;C:\Windows\System32\WindowsPowerShell\v1.0\;C:\Program Files (x86)\Windows Live\Shared;C:\Program Files (x86)\EgisTec MyWinLocker\x64;C:\Program Files (x86)\EgisTec MyWinLocker\;C:\python27;C:\Program Files\Java\jdk1.8.0_111\bin;C:\Program Files\Maven-3.3.9\bin;C:\Program Files\Tomcat-9.0.0.M15\bin;C:\Program Files\MySQL\MySQL Utilities 1.6\;C:\Program Files (x86)\Heroku\bin;C:\Program Files (x86)\git\cmd;C:\Program Files (x86)\Git\cmd;."/>
    <property name="java.specification.name" value="Java Platform API Specification"/>
    <property name="java.class.version" value="52.0"/>
    <property name="sun.management.compiler" value="HotSpot 64-Bit Tiered Compilers"/>
    <property name="os.version" value="6.1"/>
    <property name="user.home" value="C:\Users\Sarah"/>
    <property name="user.timezone" value="America/New_York"/>
    <property name="java.awt.printerjob" value="sun.awt.windows.WPrinterJob"/>
    <property name="java.specification.version" value="1.8"/>
    <property name="file.encoding" value="UTF-8"/>
    <property name="user.name" value="Sarah"/>
    <property name="java.class.path" value="C:\Program Files\Maven-3.3.9\boot\plexus-classworlds-2.5.2.jar"/>
    <property name="java.vm.specification.version" value="1.8"/>
    <property name="sun.arch.data.model" value="64"/>
    <property name="java.home" value="C:\Program Files\Java\jdk1.8.0_111\jre"/>
    <property name="sun.java.command" value="org.codehaus.plexus.classworlds.launcher.Launcher -Dnetbeans.deploy=true -Dmaven.ext.class.path=C:\Program Files\NetBeans 8.2\java\maven-nblib\netbeans-eventspy.jar -Dfile.encoding=UTF-8 package"/>
    <property name="java.specification.vendor" value="Oracle Corporation"/>
    <property name="user.language" value="en"/>
    <property name="awt.toolkit" value="sun.awt.windows.WToolkit"/>
    <property name="java.vm.info" value="mixed mode"/>
    <property name="java.version" value="1.8.0_111"/>
    <property name="java.ext.dirs" value="C:\Program Files\Java\jdk1.8.0_111\jre\lib\ext;C:\Windows\Sun\Java\lib\ext"/>
    <property name="sun.boot.class.path" value="C:\Program Files\Java\jdk1.8.0_111\jre\lib\resources.jar;C:\Program Files\Java\jdk1.8.0_111\jre\lib\rt.jar;C:\Program Files\Java\jdk1.8.0_111\jre\lib\sunrsasign.jar;C:\Program Files\Java\jdk1.8.0_111\jre\lib\jsse.jar;C:\Program Files\Java\jdk1.8.0_111\jre\lib\jce.jar;C:\Program Files\Java\jdk1.8.0_111\jre\lib\charsets.jar;C:\Program Files\Java\jdk1.8.0_111\jre\lib\jfr.jar;C:\Program Files\Java\jdk1.8.0_111\jre\classes"/>
    <property name="java.vendor" value="Oracle Corporation"/>
    <property name="maven.home" value="C:\Program Files\Maven-3.3.9"/>
    <property name="file.separator" value="\"/>
    <property name="java.vendor.url.bug" value="http://bugreport.sun.com/bugreport/"/>
    <property name="sun.cpu.endian" value="little"/>
    <property name="sun.io.unicode.encoding" value="UnicodeLittle"/>
    <property name="sun.desktop" value="windows"/>
    <property name="sun.cpu.isalist" value="amd64"/>
  </properties>
  <testcase classname="com.sarah.debatewebapp.dao.DebateDaoImplTest" name="testSearchDebatesByResolution" time="7.046"/>
  <testcase classname="com.sarah.debatewebapp.dao.DebateDaoImplTest" name="testAgainstEmptyDao" time="0.144"/>
  <testcase classname="com.sarah.debatewebapp.dao.DebateDaoImplTest" name="testAddMultipleIntroDebates" time="0.473"/>
  <testcase classname="com.sarah.debatewebapp.dao.DebateDaoImplTest" name="testUpdateMultipleIntroDebates" time="0.475"/>
  <testcase classname="com.sarah.debatewebapp.dao.DebateDaoImplTest" name="testAddAndRemoveMultipleDebates" time="0.273"/>
  <testcase classname="com.sarah.debatewebapp.dao.DebateDaoImplTest" name="testSearchDebatesByUsers" time="0.101"/>
  <testcase classname="com.sarah.debatewebapp.dao.DebateDaoImplTest" name="testAddAndRemoveOneDebate" time="0.145"/>
  <testcase classname="com.sarah.debatewebapp.dao.DebateDaoImplTest" name="testDebateCountAfterRemoval" time="0.189"/>
  <testcase classname="com.sarah.debatewebapp.dao.DebateDaoImplTest" name="testAddSimilarDebates" time="0.223"/>
  <testcase classname="com.sarah.debatewebapp.dao.DebateDaoImplTest" name="testAddRebuttalToEmptyDaoTest" time="0.142"/>
  <testcase classname="com.sarah.debatewebapp.dao.DebateDaoImplTest" name="testUpdateDebate" time="0.095"/>
  <testcase classname="com.sarah.debatewebapp.dao.DebateDaoImplTest" name="testAddAndRemoveDebatesMultipleTimes" time="0.502"/>
  <testcase classname="com.sarah.debatewebapp.dao.DebateDaoImplTest" name="testDebateCountOnUpdate" time="0.324"/>
  <testcase classname="com.sarah.debatewebapp.dao.DebateDaoImplTest" name="addOneToEmptyDaoTest" time="0.117"/>
  <testcase classname="com.sarah.debatewebapp.dao.DebateDaoImplTest" name="testUpdateMultipleDebates" time="0.616"/>
  <testcase classname="com.sarah.debatewebapp.dao.DebateDaoImplTest" name="testDebateCountAfterTwiceRemoved" time="0.263"/>
  <testcase classname="com.sarah.debatewebapp.dao.DebateDaoImplTest" name="testUpdateIntroDebate" time="0.12"/>
  <testcase classname="com.sarah.debatewebapp.dao.DebateDaoImplTest" name="testDebateCountOnAddition" time="0.21"/>
  <testcase classname="com.sarah.debatewebapp.dao.DebateDaoImplTest" name="testSearchDebatesByCategory" time="0.132"/>
  <testcase classname="com.sarah.debatewebapp.dao.DebateDaoImplTest" name="testAddAndRemoveDebateTwice" time="0.083"/>
  <testcase classname="com.sarah.debatewebapp.dao.DebateDaoImplTest" name="testAddMultipleDebates" time="0.194"/>
  <testcase classname="com.sarah.debatewebapp.dao.DebateDaoImplTest" name="testAddMaxRebuttalsOnADebate" time="0.231"/>
  <testcase classname="com.sarah.debatewebapp.dao.DebateDaoImplTest" name="testSearchDebateByDate" time="0.109"/>
  <testcase classname="com.sarah.debatewebapp.dao.DebateDaoImplTest" name="addIntroDebateToEmptyDaoTest" time="0.092"/>
  <testcase classname="com.sarah.debatewebapp.dao.DebateDaoImplTest" name="testDebatesAfterRemovalOfNonExistent" time="0.123"/>
</testsuite>